# JRE version: 7.0_07-b10
# Java VM: Java HotSpot(TM) Client VM (23.3-b01 mixed mode windows-x86 )
Heap
 def new generation   total 22208K, used 13927K [0x03f20000, 0x05730000, 0x09470000)
  eden space 19776K,  70% used [0x03f20000, 0x04cb9fc8, 0x05270000)
  from space 2432K,   0% used [0x05270000, 0x05270000, 0x054d0000)
  to   space 2432K,   0% used [0x054d0000, 0x054d0000, 0x05730000)
 tenured generation   total 49224K, used 29532K [0x09470000, 0x0c482000, 0x13f20000)
   the space 49224K,  59% used [0x09470000, 0x0b147070, 0x0b147200, 0x0c482000)
 compacting perm gen  total 12288K, used 9739K [0x13f20000, 0x14b20000, 0x17f20000)
   the space 12288K,  79% used [0x13f20000, 0x148a2fa8, 0x148a3000, 0x14b20000)
GC Heap History (10 events):
Event: 1383.965 GC heap before
{Heap before GC invocations=73 (full 17):
 def new generation   total 22016K, used 21420K [0x03f20000, 0x05700000, 0x09470000)
  eden space 19584K,  96% used [0x03f20000, 0x051ab048, 0x05240000)
  from space 2432K, 100% used [0x054a0000, 0x05700000, 0x05700000)
  to   space 2432K,   0% used [0x05240000, 0x05240000, 0x054a0000)
 tenured generation   total 48720K, used 21030K [0x09470000, 0x0c404000, 0x13f20000)
   the space 48720K,  43% used [0x09470000, 0x0a8f9a58, 0x0a8f9c00, 0x0c404000)
 compacting perm gen  total 12288K, used 9713K [0x13f20000, 0x14b20000, 0x17f20000)
   the space 12288K,  79% used [0x13f20000, 0x1489c768, 0x1489c800, 0x14b20000)
No shared spaces configured.
Event: 1383.968 GC heap after
Heap after GC invocations=74 (full 17):
 def new generation   total 22016K, used 2297K [0x03f20000, 0x05700000, 0x09470000)
  eden space 19584K,   0% used [0x03f20000, 0x03f20000, 0x05240000)
  from space 2432K,  94% used [0x05240000, 0x0547e408, 0x054a0000)
  to   space 2432K,   0% used [0x054a0000, 0x054a0000, 0x05700000)
 tenured generation   total 48720K, used 35821K [0x09470000, 0x0c404000, 0x13f20000)
   the space 48720K,  73% used [0x09470000, 0x0b76b530, 0x0b76b600, 0x0c404000)
 compacting perm gen  total 12288K, used 9713K [0x13f20000, 0x14b20000, 0x17f20000)
   the space 12288K,  79% used [0x13f20000, 0x1489c768, 0x1489c800, 0x14b20000)
No shared spaces configured.
}
Event: 1477.968 GC heap before
{Heap before GC invocations=74 (full 17):
 def new generation   total 22016K, used 21751K [0x03f20000, 0x05700000, 0x09470000)
  eden space 19584K,  99% used [0x03f20000, 0x0521fa80, 0x05240000)
  from space 2432K,  94% used [0x05240000, 0x0547e408, 0x054a0000)
  to   space 2432K,   0% used [0x054a0000, 0x054a0000, 0x05700000)
 tenured generation   total 48720K, used 35821K [0x09470000, 0x0c404000, 0x13f20000)
   the space 48720K,  73% used [0x09470000, 0x0b76b530, 0x0b76b600, 0x0c404000)
 compacting perm gen  total 12288K, used 9713K [0x13f20000, 0x14b20000, 0x17f20000)
   the space 12288K,  79% used [0x13f20000, 0x1489c788, 0x1489c800, 0x14b20000)
No shared spaces configured.
Event: 1477.990 GC heap after
Heap after GC invocations=75 (full 18):
 def new generation   total 22016K, used 0K [0x03f20000, 0x05700000, 0x09470000)
  eden space 19584K,   0% used [0x03f20000, 0x03f20000, 0x05240000)
  from space 2432K,   0% used [0x054a0000, 0x054a0000, 0x05700000)
  to   space 2432K,   0% used [0x05240000, 0x05240000, 0x054a0000)
 tenured generation   total 48720K, used 10063K [0x09470000, 0x0c404000, 0x13f20000)
   the space 48720K,  20% used [0x09470000, 0x09e43c68, 0x09e43e00, 0x0c404000)
 compacting perm gen  total 12288K, used 9713K [0x13f20000, 0x14b20000, 0x17f20000)
   the space 12288K,  79% used [0x13f20000, 0x1489c788, 0x1489c800, 0x14b20000)
No shared spaces configured.
}
Event: 1478.075 GC heap before
{Heap before GC invocations=75 (full 18):
 def new generation   total 22016K, used 18985K [0x03f20000, 0x05700000, 0x09470000)
  eden space 19584K,  96% used [0x03f20000, 0x051aa4f0, 0x05240000)
  from space 2432K,   0% used [0x054a0000, 0x054a0000, 0x05700000)
  to   space 2432K,   0% used [0x05240000, 0x05240000, 0x054a0000)
 tenured generation   total 48720K, used 10063K [0x09470000, 0x0c404000, 0x13f20000)
   the space 48720K,  20% used [0x09470000, 0x09e43c68, 0x09e43e00, 0x0c404000)
 compacting perm gen  total 12288K, used 9713K [0x13f20000, 0x14b20000, 0x17f20000)
   the space 12288K,  79% used [0x13f20000, 0x1489c788, 0x1489c800, 0x14b20000)
No shared spaces configured.
Event: 1478.080 GC heap after
Heap after GC invocations=76 (full 18):
 def new generation   total 22016K, used 2426K [0x03f20000, 0x05700000, 0x09470000)
  eden space 19584K,   0% used [0x03f20000, 0x03f20000, 0x05240000)
  from space 2432K,  99% used [0x05240000, 0x0549ebc8, 0x054a0000)
  to   space 2432K,   0% used [0x054a0000, 0x054a0000, 0x05700000)
 tenured generation   total 48720K, used 25529K [0x09470000, 0x0c404000, 0x13f20000)
   the space 48720K,  52% used [0x09470000, 0x0ad5e6d8, 0x0ad5e800, 0x0c404000)
 compacting perm gen  total 12288K, used 9713K [0x13f20000, 0x14b20000, 0x17f20000)
   the space 12288K,  79% used [0x13f20000, 0x1489c788, 0x1489c800, 0x14b20000)
No shared spaces configured.
}
Event: 2917.601 GC heap before
{Heap before GC invocations=76 (full 18):
 def new generation   total 22016K, used 21459K [0x03f20000, 0x05700000, 0x09470000)
  eden space 19584K,  97% used [0x03f20000, 0x051b60b8, 0x05240000)
  from space 2432K,  99% used [0x05240000, 0x0549ebc8, 0x054a0000)
  to   space 2432K,   0% used [0x054a0000, 0x054a0000, 0x05700000)
 tenured generation   total 48720K, used 25529K [0x09470000, 0x0c404000, 0x13f20000)
   the space 48720K,  52% used [0x09470000, 0x0ad5e6d8, 0x0ad5e800, 0x0c404000)
 compacting perm gen  total 12288K, used 9739K [0x13f20000, 0x14b20000, 0x17f20000)
   the space 12288K,  79% used [0x13f20000, 0x148a2d98, 0x148a2e00, 0x14b20000)
No shared spaces configured.
Event: 2917.604 GC heap after
Heap after GC invocations=77 (full 18):
 def new generation   total 22016K, used 2387K [0x03f20000, 0x05700000, 0x09470000)
  eden space 19584K,   0% used [0x03f20000, 0x03f20000, 0x05240000)
  from space 2432K,  98% used [0x054a0000, 0x056f4e00, 0x05700000)
  to   space 2432K,   0% used [0x05240000, 0x05240000, 0x054a0000)
 tenured generation   total 48720K, used 36017K [0x09470000, 0x0c404000, 0x13f20000)
   the space 48720K,  73% used [0x09470000, 0x0b79c480, 0x0b79c600, 0x0c404000)
 compacting perm gen  total 12288K, used 9739K [0x13f20000, 0x14b20000, 0x17f20000)
   the space 12288K,  79% used [0x13f20000, 0x148a2d98, 0x148a2e00, 0x14b20000)
No shared spaces configured.
}
Event: 2917.671 GC heap before
{Heap before GC invocations=77 (full 18):
 def new generation   total 22016K, used 21367K [0x03f20000, 0x05700000, 0x09470000)
  eden space 19584K,  96% used [0x03f20000, 0x051a8f00, 0x05240000)
  from space 2432K,  98% used [0x054a0000, 0x056f4e00, 0x05700000)
  to   space 2432K,   0% used [0x05240000, 0x05240000, 0x054a0000)
 tenured generation   total 48720K, used 36017K [0x09470000, 0x0c404000, 0x13f20000)
   the space 48720K,  73% used [0x09470000, 0x0b79c480, 0x0b79c600, 0x0c404000)
 compacting perm gen  total 12288K, used 9739K [0x13f20000, 0x14b20000, 0x17f20000)
   the space 12288K,  79% used [0x13f20000, 0x148a2da8, 0x148a2e00, 0x14b20000)
No shared spaces configured.
Event: 2917.696 GC heap after
Heap after GC invocations=78 (full 19):
 def new generation   total 22208K, used 0K [0x03f20000, 0x05730000, 0x09470000)
  eden space 19776K,   0% used [0x03f20000, 0x03f20000, 0x05270000)
  from space 2432K,   0% used [0x05270000, 0x05270000, 0x054d0000)
  to   space 2432K,   0% used [0x054d0000, 0x054d0000, 0x05730000)
 tenured generation   total 49224K, used 29532K [0x09470000, 0x0c482000, 0x13f20000)
   the space 49224K,  59% used [0x09470000, 0x0b147070, 0x0b147200, 0x0c482000)
 compacting perm gen  total 12288K, used 9739K [0x13f20000, 0x14b20000, 0x17f20000)
   the space 12288K,  79% used [0x13f20000, 0x148a2da8, 0x148a2e00, 0x14b20000)
No shared spaces configured.
}

